[1/3] capde2: url_based_detection.py 실행 (URL: https://www.cagop.org/)
테스트할 URL을 입력하세요 (종료하려면 'exit' 입력): /home/taewoon/anaconda3/envs/capde2/lib/python3.10/site-packages/sklearn/utils/validation.py:2739: UserWarning: X does not have valid feature names, but RandomForestClassifier was fitted with feature names
  warnings.warn(
URL: https://www.cagop.org/
예측 결과: 정상 URL

테스트할 URL을 입력하세요 (종료하려면 'exit' 입력): 프로그램을 종료합니다.
✅ url-based 결과: 정상 URL → 다음 단계(content-based) 실행 (소요시간: 5s)
[2/3] capde: content_based_detection.py 실행 (URL: https://www.cagop.org/)
피싱 여부를 확인할 URL을 입력하세요: /home/taewoon/anaconda3/envs/capde/lib/python3.10/site-packages/urllib3/connectionpool.py:1064: InsecureRequestWarning: Unverified HTTPS request is being made to host 'www.cagop.org'. Adding certificate verification is strongly advised. See: https://urllib3.readthedocs.io/en/1.26.x/advanced-usage.html#ssl-warnings
  warnings.warn(
/home/taewoon/anaconda3/envs/capde/lib/python3.10/site-packages/urllib3/connectionpool.py:1064: InsecureRequestWarning: Unverified HTTPS request is being made to host 'cagop.org'. Adding certificate verification is strongly advised. See: https://urllib3.readthedocs.io/en/1.26.x/advanced-usage.html#ssl-warnings
  warnings.warn(
/home/taewoon/anaconda3/envs/capde/lib/python3.10/site-packages/sklearn/base.py:450: UserWarning: X does not have valid feature names, but RandomForestClassifier was fitted with feature names
  warnings.warn(
/home/taewoon/anaconda3/envs/capde/lib/python3.10/site-packages/sklearn/base.py:450: UserWarning: X does not have valid feature names, but DecisionTreeClassifier was fitted with feature names
  warnings.warn(
/home/taewoon/anaconda3/envs/capde/lib/python3.10/site-packages/sklearn/base.py:450: UserWarning: X does not have valid feature names, but AdaBoostClassifier was fitted with feature names
  warnings.warn(
/home/taewoon/anaconda3/envs/capde/lib/python3.10/site-packages/sklearn/base.py:450: UserWarning: X does not have valid feature names, but GaussianNB was fitted with feature names
  warnings.warn(
/home/taewoon/anaconda3/envs/capde/lib/python3.10/site-packages/sklearn/base.py:450: UserWarning: X does not have valid feature names, but MLPClassifier was fitted with feature names
  warnings.warn(
/home/taewoon/anaconda3/envs/capde/lib/python3.10/site-packages/sklearn/base.py:450: UserWarning: X does not have valid feature names, but KNeighborsClassifier was fitted with feature names
  warnings.warn(
>>> [정상] 해당 URL은 합법적(legitimate) 사이트일 가능성이 높습니다.
⚠️ content-based 결과를 판별할 수 없습니다. (소요시간: 5s)
