[1/3] capde2: url_based_detection.py 실행 (URL: https://www.jbmsound.com/)
테스트할 URL을 입력하세요 (종료하려면 'exit' 입력): /home/taewoon/anaconda3/envs/capde2/lib/python3.10/site-packages/sklearn/utils/validation.py:2739: UserWarning: X does not have valid feature names, but RandomForestClassifier was fitted with feature names
  warnings.warn(
URL: https://www.jbmsound.com/
예측 결과: 정상 URL

테스트할 URL을 입력하세요 (종료하려면 'exit' 입력): 프로그램을 종료합니다.
✅ url-based 결과: 정상 URL → 다음 단계(content-based) 실행 (소요시간: 2s)
[2/3] capde: content_based_detection.py 실행 (URL: https://www.jbmsound.com/)
피싱 여부를 확인할 URL을 입력하세요: /home/taewoon/anaconda3/envs/capde/lib/python3.10/site-packages/urllib3/connectionpool.py:1064: InsecureRequestWarning: Unverified HTTPS request is being made to host 'www.jbmsound.com'. Adding certificate verification is strongly advised. See: https://urllib3.readthedocs.io/en/1.26.x/advanced-usage.html#ssl-warnings
  warnings.warn(
/home/taewoon/anaconda3/envs/capde/lib/python3.10/site-packages/sklearn/base.py:450: UserWarning: X does not have valid feature names, but RandomForestClassifier was fitted with feature names
  warnings.warn(
/home/taewoon/anaconda3/envs/capde/lib/python3.10/site-packages/sklearn/base.py:450: UserWarning: X does not have valid feature names, but DecisionTreeClassifier was fitted with feature names
  warnings.warn(
/home/taewoon/anaconda3/envs/capde/lib/python3.10/site-packages/sklearn/base.py:450: UserWarning: X does not have valid feature names, but AdaBoostClassifier was fitted with feature names
  warnings.warn(
/home/taewoon/anaconda3/envs/capde/lib/python3.10/site-packages/sklearn/base.py:450: UserWarning: X does not have valid feature names, but GaussianNB was fitted with feature names
  warnings.warn(
/home/taewoon/anaconda3/envs/capde/lib/python3.10/site-packages/sklearn/base.py:450: UserWarning: X does not have valid feature names, but MLPClassifier was fitted with feature names
  warnings.warn(
/home/taewoon/anaconda3/envs/capde/lib/python3.10/site-packages/sklearn/base.py:450: UserWarning: X does not have valid feature names, but KNeighborsClassifier was fitted with feature names
  warnings.warn(
>>> [정상] 해당 URL은 합법적(legitimate) 사이트일 가능성이 높습니다.
✅ content-based 결과: 정상 URL → 다음 단계(dynamic-analysis) 실행 (소요시간: 5s)
[3/3] dynamic-analysis: dynamic_detection.py 실행 (URL: https://www.jbmsound.com/)
/home/taewoon/anaconda3/envs/dynamic_analysis/lib/python3.10/pickle.py:1718: UserWarning: [00:30:26] WARNING: /workspace/src/collective/../data/../common/error_msg.h:83: If you are loading a serialized model (like pickle in Python, RDS in R) or
configuration generated by an older version of XGBoost, please export the model by calling
`Booster.save_model` from that version first, then load it back in current version. See:

    https://xgboost.readthedocs.io/en/stable/tutorials/saving_model.html

for more details about differences between saving model and serializing.

  setstate(state)
[1/4] URL에서 스크립트 수집 중: https://www.jbmsound.com/
  > 18개의 스크립트 발견
[2/4] 모든 스크립트를 병렬로 분석 중...
[3/4] 추출된 피처를 페이지 단위로 집계 중...
[4/4] 최종 피처 벡터 생성 및 예측 중...

--- 분석 결과 ---
결과: [ 정상 (Benign) ]
악성 확률: 43.94%
✅ dynamic-analysis 결과: 정상 URL (소요시간: 80s)
🎯 완료! 모든 분석이 완료되었습니다. (총 소요시간: 87s)
로그와 결과는 /home/taewoon/final_project/handoff/ 에 저장되었습니다.
